<?xml version="1.0" encoding="UTF-8"?>
<testsuite name="com.remitly.stockexchange.state.MarketStateTest" tests="8" skipped="0" failures="0" errors="0" timestamp="2026-05-01T09:27:59.846Z" hostname="MacBook-Air-Mateusz.local" time="0.015">
  <properties/>
  <testcase name="shouldSuccessfullySellStockIfOwned()" classname="com.remitly.stockexchange.state.MarketStateTest" time="0.007"/>
  <testcase name="shouldFailToSellIfNotOwned()" classname="com.remitly.stockexchange.state.MarketStateTest" time="0.0"/>
  <testcase name="shouldAllowDifferentRequests()" classname="com.remitly.stockexchange.state.MarketStateTest" time="0.0"/>
  <testcase name="shouldThrowExceptionOnUnknownStock()" classname="com.remitly.stockexchange.state.MarketStateTest" time="0.002"/>
  <testcase name="shouldFailToBuyIfBankEmpty()" classname="com.remitly.stockexchange.state.MarketStateTest" time="0.002"/>
  <testcase name="shouldProperlyInitializeBankState()" classname="com.remitly.stockexchange.state.MarketStateTest" time="0.0"/>
  <testcase name="shouldSuccessfullyBuyStockIfAvailable()" classname="com.remitly.stockexchange.state.MarketStateTest" time="0.001"/>
  <testcase name="shouldHandleIdempotencyCorrectly()" classname="com.remitly.stockexchange.state.MarketStateTest" time="0.001"/>
  <system-out><![CDATA[]]></system-out>
  <system-err><![CDATA[]]></system-err>
</testsuite>
