<?xml version="1.0" encoding="UTF-8"?>
<testsuite name="com.remitly.stockexchange.state.MarketStatePropertyTest" tests="1" skipped="0" failures="0" errors="0" timestamp="2026-05-01T09:27:59.884Z" hostname="MacBook-Air-Mateusz.local" time="0.084">
  <properties/>
  <testcase name="totalStockQuantityMustRemainConstantUnderValidOperations" classname="com.remitly.stockexchange.state.MarketStatePropertyTest" time="0.084"/>
  <system-out><![CDATA[timestamp = 2026-05-01T11:27:59.967351, MarketStatePropertyTest:totalStockQuantityMustRemainConstantUnderValidOperations = 
                              |-----------------------jqwik-----------------------
tries = 1000                  | # of calls to property
checks = 1000                 | # of not rejected calls
generation = RANDOMIZED       | parameters are randomly generated
after-failure = SAMPLE_FIRST  | try previously failed sample, then previous seed
when-fixed-seed = ALLOW       | fixing the random seed is allowed
edge-cases#mode = MIXIN       | edge cases are mixed in
edge-cases#total = 0          | # of all combined edge cases
edge-cases#tried = 0          | # of edge cases tried in current run
seed = -3825885893791713694   | random seed to reproduce generated values


]]></system-out>
  <system-err><![CDATA[]]></system-err>
</testsuite>
